epoch,acc,loss,val_acc,val_loss
0,0.333333341341,4.40086273839,0.428571438742,7.4313370822
1,0.353741504809,4.92366534269,0.476190491565,4.62355531113
2,0.299319733264,5.42856944398,0.555555573768,4.40580811765
3,0.306122455467,4.35957411722,0.492063504599,1.43375551133
4,0.380952390684,4.7530421866,0.476190489436,1.99030753497
5,0.326530619037,5.58580680688,0.476190489436,6.63687902405
6,0.346938782606,4.69962737775,0.492063506728,1.62943741253
7,0.333333340226,4.30219388961,0.555555569038,1.2726083237
8,0.408163277876,3.25070021509,0.492063503417,1.28273115366
9,0.408163274936,3.59948295821,0.460317471198,1.31512291753
10,0.353741504911,3.84431645213,0.492063503417,1.35422013014
11,0.408163275342,3.68126406617,0.507936519526,1.08553332469
12,0.38095238967,4.05945366053,0.444444456034,1.31764072653
13,0.360544227621,4.81126956348,0.47619048849,2.7824620297
14,0.469387765543,2.95384258904,0.507936520709,1.66690323892
15,0.462585045367,3.27302201528,0.396825405104,1.63085460568
16,0.448979603494,3.50994187735,0.476190486125,2.07020486631
17,0.408163275342,3.2750393507,0.507936518344,1.87748987145
18,0.387755111367,3.17864572434,0.42857143614,1.89712170949
19,0.401360555267,3.38125847756,0.460317468359,1.46679394302
20,0.32653062005,2.96362080927,0.444444453432,1.42389863256
21,0.360544226101,3.16350517518,0.444444453432,1.02952425631
22,0.414965996633,3.41017588466,0.460317470725,0.947952574681
23,0.414965996531,2.75632165301,0.507936520472,1.18080656869
24,0.35374150339,3.09137522019,0.428571440871,0.86405661371
25,0.428571439418,3.14924460366,0.539682551745,0.854455660733
26,0.346938784633,3.18691028057,0.507936518344,1.55211178887
27,0.39455783205,2.84801133535,0.428571437796,1.47245874906
28,0.312925176758,2.80809604534,0.444444457453,1.46657146726
29,0.367346946277,2.61021168865,0.555555564307,0.752269486113
30,0.36734694729,3.33027890446,0.365079374067,2.49914112072
31,0.408163276457,3.19753283201,0.317460324556,1.41267611015
32,0.360544225492,3.07868603886,0.444444457453,2.67622771055
33,0.353741505316,2.73493000247,0.53968254938,1.24543645741
34,0.346938783113,2.90452275187,0.507936519526,1.19697741999
35,0.414965997038,2.50799251312,0.476190490855,1.34472102021
36,0.414965998153,2.54166647934,0.444444453905,1.25366918246
37,0.353741501768,2.8998729248,0.539682554111,1.21429679223
38,0.401360553746,2.56785986922,0.57142858633,1.45707672929
39,0.360544225492,2.74643961832,0.444444455088,1.18963758009
40,0.414965997646,3.06846611719,0.20634921108,4.25516477606
41,0.40816327595,3.77387183337,0.206349210843,4.17996675486
42,0.374149669494,3.37205953136,0.0952380968938,4.60777211095
43,0.380952390076,3.35605049681,0.111111113003,5.0055055694
44,0.360544226607,3.04545484554,0.396825405577,2.73821034413
45,0.360544226101,3.30041660926,0.555555567618,1.4780135448
46,0.442176881899,2.71191036884,0.539682555293,1.04464124687
47,0.414965995518,2.37733076178,0.634920646037,1.24133670898
48,0.40816327595,2.60338022818,0.142857145222,4.98540770345
49,0.421768718228,2.48158805366,0.142857145459,5.23615216357
50,0.306122455062,2.68312096555,0.142857146642,6.19719838812
51,0.326530619543,3.51543686686,0.111111113003,6.48453446229
52,0.319727897948,3.33362689999,0.126984129349,6.41934744233
53,0.374149669393,2.71446078995,0.174603176495,6.1801558487
54,0.353741503796,2.77135334635,0.142857145459,6.19370904423
55,0.394557832557,2.39799324448,0.190476192605,5.95132223008
56,0.41496599714,2.22980002136,0.238095244481,5.70528848398
57,0.340136059896,2.61613773225,0.206349209661,5.72748733513
58,0.367346947189,2.6134077858,0.0952380968938,5.97761212644
59,0.387755110759,2.77850877468,0.206349209661,5.96975906501
60,0.421768717721,2.80371630334,0.238095242116,5.75185861474
61,0.408163275848,2.81389206242,0.20634921108,5.9772703553
62,0.374149668886,3.74129391892,0.365079371939,3.64995661993
63,0.299319735392,4.73901111496,0.380952390413,2.40648133414
64,0.387755111367,3.82632763876,0.539682550563,1.34050549448
65,0.374149667872,4.88500749882,0.539682552691,1.70725787348
66,0.401360554152,4.11799642058,0.555555569038,2.46776192056
67,0.421768716809,4.15987617994,0.206349209424,5.72971688471
68,0.421768716809,2.76106687346,0.460317469542,4.40751327219
69,0.374149668379,3.38133245555,0.269841275281,4.10627206829
70,0.394557832557,3.91311142842,0.412698423815,1.5691743266
71,0.421768717316,3.4181830731,0.460317472144,0.90068568786
72,0.421768717823,3.74564180548,0.412698423815,1.55414653865
73,0.367346946277,3.78162928108,0.412698422396,2.14485209329
74,0.387755110252,3.50432563558,0.412698422633,8.12343332881
75,0.367346948203,4.49694558025,0.285714292337,3.41854624048
76,0.36734694729,4.48093211772,0.460317474746,2.09996891306
77,0.353741506431,4.39962641722,0.317460323373,1.38501421137
78,0.30612245496,3.4242900979,0.523809536818,0.848615767464
79,0.387755111265,3.53717090118,0.492063505545,0.827602933324
80,0.394557833976,3.30734607354,0.476190491565,0.884598434918
81,0.346938784633,3.31476818299,0.492063509093,0.837785497544
82,0.367346946784,3.49202661956,0.492063506728,0.865790570539
83,0.421768718836,3.31268201758,0.476190491801,0.872018268184
84,0.476190489267,3.13037295041,0.492063509093,0.82962626408
85,0.394557831441,3.13451951418,0.523809535399,0.809932989734
86,0.360544226607,3.32314521764,0.523809534453,0.803605269818
87,0.41496599714,3.49097688466,0.507936519526,0.805011225125
88,0.333333341747,3.6234499954,0.507936519526,0.81214270043
89,0.408163273922,3.28665683951,0.507936519526,0.803441515991
90,0.278911570201,3.03964326414,0.492063506728,0.821299989072
91,0.401360553239,3.1199440948,0.4444444584,0.815207249588
92,0.435374159087,3.49419924941,0.523809534453,0.83965259885
93,0.387755110353,3.34855906452,0.507936519526,0.802505183788
94,0.387755110759,3.27687176596,0.317460325739,7.25069783604
95,0.394557833063,2.69823839389,0.380952388994,2.9662897426
96,0.401360552733,2.86426462507,0.285714292337,5.2448564607
97,0.346938783113,2.77690623082,0.285714292337,4.07769991481
98,0.380952389062,3.28045129229,0.317460324556,4.08948842306
99,0.367346946784,2.30443622831,0.333333340666,3.77257389019
100,0.346938782707,2.99400482028,0.333333340666,3.30108179649
101,0.414965996025,3.12771757221,0.333333341848,3.05742556046
102,0.353741504303,3.16482002739,0.365079374067,2.51023277215
103,0.408163275848,3.59980111544,0.396825405104,2.34219952046
104,0.353741504911,2.61188314967,0.365079372885,2.31443568544
105,0.408163275342,3.13764742807,0.412698422396,2.2691855705
106,0.414965997038,2.65271514573,0.380952388994,2.30036079411
107,0.394557831441,2.66272493203,0.412698423579,1.77656099531
108,0.374149667872,2.66732542774,0.492063505545,1.75524917008
109,0.448979605015,2.65020084888,0.412698423579,2.54791621367
110,0.428571438404,3.04051067047,0.111111112767,6.44725495293
111,0.326530620557,2.84369858633,0.111111112767,6.67540658466
112,0.387755111874,2.64056419819,0.476190489199,2.34230367059
113,0.374149669494,3.0776685898,0.36507937525,2.74217319489
114,0.414965995518,2.54852404866,0.349206356775,1.59957563026
115,0.462585045367,2.30862405511,0.507936524966,2.0459918815
116,0.346938784633,2.45538709297,0.476190491565,2.2864009317
117,0.39455783357,2.22595247363,0.492063506492,1.82807342968
118,0.448979601467,2.21771791577,0.523809535399,1.06495993005
119,0.387755111772,2.61799623366,0.539682551745,1.79262792875
120,0.326530619037,2.85150367042,0.460317474509,0.798589030429
121,0.367346946784,3.19162437097,0.444444454852,7.09490289953
122,0.408163273922,3.16904227192,0.571428583964,1.40005078794
123,0.387755110252,3.30268562205,0.492063505545,0.833619316419
124,0.401360552631,2.75985837611,0.555555569038,0.788183781836
125,0.374149668886,3.07508328881,0.523809536818,0.827811676831
126,0.360544225999,2.89229102747,0.444444457217,1.10929455738
127,0.360544227013,2.8959593485,0.492063505782,0.908185283343
128,0.360544225999,3.77724695895,0.444444457217,2.03476941018
129,0.353741504303,3.86056215909,0.190476193551,6.31353347074
130,0.455782325698,3.96252996358,0.190476194734,6.95194639478
131,0.367346946784,3.40005060321,0.126984130295,6.71523224361
132,0.421768717823,3.26648307536,0.126984130295,8.34071271382
133,0.346938784127,2.93736636639,0.174603177205,8.34066675958
134,0.414965996531,2.7817530332,0.349206358194,8.34053058094
135,0.42176871985,2.35931534386,0.0476190483286,8.34029919761
136,0.421768716708,3.0776953833,0.0,8.3402421096
137,0.360544225594,2.83599193972,0.0,8.3399383227
138,0.306122456582,2.83486606475,0.0,8.33954842885
139,0.401360553239,2.98322572615,0.0,8.33920144278
140,0.353741505823,2.83462567029,0.285714292574,8.3389364727
141,0.448979601467,2.69075700539,0.0,8.33873784353
142,0.346938782099,2.57402657895,0.0,8.33835992359
143,0.360544225594,2.71007188364,0.0,8.33799805717
144,0.401360553746,2.86885123107,0.0,8.33760299001
145,0.408163275342,2.68354007135,0.0,8.33717883201
146,0.455782325698,2.74721894013,0.0317460322191,8.33673468469
147,0.47619048876,3.16583966033,0.269841276464,8.336294757
148,0.428571439925,2.63437314646,0.285714292574,7.9365529295
149,0.408163273821,2.44104470769,0.126984130295,8.13088257729
150,0.448979603595,2.8727134229,0.0634920644382,8.33510365562
151,0.394557835091,2.53234282663,0.349206357012,5.15059191367
152,0.462585045468,3.03698980768,0.0476190485652,8.33541356193
153,0.387755112279,3.45719166414,0.111111114186,6.86595531115
154,0.482993210457,2.51655418492,0.111111114186,6.23189132176
155,0.387755112279,3.21292658931,0.0,8.33592976464
156,0.394557831948,3.56197960442,0.0,8.33719555537
157,0.353741503289,3.45593739042,0.0,8.33760441674
158,0.462585045367,2.95551605188,0.0,8.33735146598
159,0.442176880176,3.36460183672,0.0,8.3370000597
160,0.469387767064,2.77602373662,0.0,8.3367782888
161,0.421768717823,3.86942920393,0.0,8.33664763541
162,0.448979603595,3.42152192702,0.0,8.33617770104
163,0.401360552631,2.87574139846,0.0,8.33566248985
164,0.387755111671,2.55984435682,0.0,8.3351487243
165,0.435374162635,2.43942893362,0.0,8.33459246726
166,0.387755110759,2.74879856418,0.0,8.33405413325
167,0.31972789734,2.59594173233,0.0476190485652,8.3335226339
168,0.408163275342,2.9292613053,0.0,8.33305993156
169,0.387755110759,3.43753275417,0.0,8.33261239339
170,0.408163276355,3.23285502358,0.0,8.33216940789
171,0.380952388454,3.08218622268,0.222222228135,8.33167446984
172,0.435374159594,2.8003520921,0.0,8.33128155602
173,0.442176882203,3.1628195461,0.0,8.33088768853
174,0.421768716708,2.94121925381,0.0,8.33041232351
175,0.401360552631,3.61635665545,0.0,8.33008477044
176,0.394557833063,3.09541872042,0.0,8.3296600637
177,0.380952392103,2.41784438876,0.0,8.32914828119
178,0.469387768077,2.75724909926,0.0,8.32870350944
179,0.387755112786,2.99383728764,0.0,8.32820477561
180,0.421768718836,2.98990357267,0.0,8.32772599326
181,0.476190488152,2.46001914914,0.0,8.32718789388
182,0.401360553037,2.78327205007,0.0,8.32663560292
183,0.374149668886,3.19365814146,0.0,8.32603299429
184,0.394557832455,2.79401432312,0.0,8.32542435328
185,0.360544224479,4.14266211342,0.0,8.32550109
186,0.523809535568,3.84064612745,0.0,8.32582283777
187,0.455782324785,4.09245190602,0.0,8.32557999899
188,0.421768717721,3.89862496634,0.0,8.32509242542
189,0.435374158073,3.74896793179,0.0,8.32473979299
190,0.462585046887,2.52116387778,0.0,8.32441500633
191,0.408163274835,3.84940900973,0.0,8.32398282157
192,0.489795930633,3.49378998101,0.0,8.32348027305
193,0.428571440432,2.88063387887,0.0,8.3229707839
194,0.421768717214,2.80848328475,0.0,8.32250458854
195,0.394557832557,2.82089713419,0.0,8.32208259144
196,0.353741503897,2.89856601532,0.0,8.32150568659
197,0.414965995518,2.68638497348,0.0,8.32092114857
198,0.401360554659,2.88203028959,0.0,8.3204523571
199,0.421768716099,2.02429501216,0.0,8.32000910668
200,0.455782326813,2.78560588838,0.0,8.31947861777
201,0.408163275443,2.62488187333,0.0,8.31895726068
202,0.462585045874,2.74588445924,0.0,8.31833804221
203,0.374149668886,2.90534443352,0.0,8.31768184995
204,0.394557831948,2.48280502156,0.0,8.31702507867
205,0.448979602582,2.95683158539,0.0,8.31643120448
206,0.49659865233,2.5198702573,0.317460323373,8.31586802573
207,0.414965996937,2.31850234526,0.317460323373,4.83600047467
208,0.380952388656,3.40215471772,0.380952390177,8.31471314506
209,0.387755111164,3.32243111588,0.0,8.31466519643
210,0.408163274835,3.40567637666,0.0,8.31426558797
211,0.394557831441,2.84622071471,0.0,8.31370115659
212,0.374149669393,2.77772747578,0.0,8.31310782735
213,0.360544225391,2.15259402585,0.0,8.3124550335
214,0.408163276254,2.89354185101,0.0,8.31181271871
215,0.40816327372,3.22811030896,0.0,8.31117690177
216,0.44897960096,2.54625994879,0.0,8.31060061758
217,0.455782324684,2.76336958761,0.0,8.30993401815
218,0.46258504334,2.64942736772,0.0,8.30925305684
219,0.401360552631,2.23827232552,0.0,8.30858645742
220,0.41496599491,2.36331703914,0.0,8.3079296218
221,0.476190488659,2.95929492108,0.0,8.30726559957
222,0.489795932559,2.95530979366,0.0,8.3066717443
223,0.503401372404,2.94136075118,0.0,8.30605565177
224,0.421768716606,2.80053084258,0.0,8.30541857841
225,0.510204091668,2.76776237918,0.0,8.30484448539
226,0.448979605015,2.37655697874,0.0,8.30424368949
227,0.442176880784,2.61714294512,0.0,8.30358088584
228,0.482993210355,2.84225483533,0.0,8.30288975579
229,0.435374159188,2.12445041801,0.0,8.30219613181
230,0.455782324278,2.11479188431,0.0,8.30150786279
231,0.360544224986,2.76044441932,0.0,8.30081063225
232,0.510204093594,2.32057630164,0.0,8.30012069051
233,0.455782323772,2.40580121453,0.0,8.2994528725
234,0.462585045874,2.55661869515,0.0,8.29876086447
235,0.510204093087,2.42576825619,0.0,8.29810967521
236,0.442176881797,2.66655176513,0.0,8.29746592612
237,0.455782322048,2.3775469089,0.0,8.29677710836
238,0.442176883318,3.17900087537,0.0,8.29620490377
239,0.394557832962,3.14897319573,0.0,8.29571686851
240,0.510204094608,2.43073179324,0.0,8.29525462029
241,0.489795930532,3.62175378041,0.0,8.29524552633
242,0.482993208835,3.3269201286,0.0,8.29513894187
243,0.421768717316,3.27856963751,0.0,8.29474343194
244,0.530612254629,2.90147880227,0.0,8.29414780935
245,0.469387766557,3.39600187621,0.0,8.29396549861
246,0.496598650708,2.83977399249,0.0,8.29391799276
247,0.530612257164,2.6930413899,0.0,8.29355992211
248,0.41496599491,3.37762667756,0.0,8.29302640188
249,0.537414978049,3.3047387679,0.0,8.29257998769
250,0.612244910934,2.63066450268,0.0,8.29227700309
251,0.557823141517,2.36876682116,0.0,8.29183133443
252,0.551020419212,3.33529726786,0.0,8.29134593313
253,0.578231303161,2.95649749669,0.0,8.29076064201
254,0.49659864939,2.76481316122,0.0,8.29023492147
255,0.523809537089,2.24963062921,0.0,8.28965983694
256,0.54421770005,2.70610469377,0.0,8.28908434747
257,0.517006816811,2.23883438759,0.0,8.28844918145
258,0.544217700658,2.15845935037,0.0,8.2878245437
259,0.557823143545,1.93261609941,0.0,8.287311202
260,0.551020421848,2.36540814362,0.0,8.28701418544
261,0.503401371492,2.1404975823,0.0,8.28656707113
262,0.489795929619,1.95254122197,0.0,8.2860971746
263,0.496598651823,1.6866269732,0.0,8.28551612203
264,0.510204090654,1.52736386211,0.0,8.28548256556
265,0.489795929619,2.01448312706,0.0,8.2856520736
266,0.476190486733,1.36469552651,0.0,8.28530110253
267,0.503401370073,1.21653174178,0.0,8.28474173849
268,0.564625863619,1.12548863503,0.0,8.28414691062
269,0.510204096331,1.10039376199,0.0,8.28355536764
270,0.47619048724,0.997539630755,0.0,8.28292119314
271,0.523809535568,1.14724967837,0.0,8.28228055106
272,0.442176881291,0.953720837629,0.0,8.28162348838
273,0.489795929619,0.909144735458,0.0,8.28097020255
274,0.476190486125,0.929024617688,0.0,8.28033122184
275,0.489795929112,0.879538957765,0.0,8.27967294057
276,0.517006812351,0.901059554142,0.111111112767,8.27902079764
277,0.496598650302,0.897500746712,0.285714292337,8.27841586537
278,0.530612253717,0.894746865545,0.0,8.27779508015
279,0.52380953496,0.859359541312,0.0,8.27718115988
280,0.496598653343,0.858587682247,0.0,8.27653466331
281,0.476190484705,0.87418859751,0.0,8.27588425742
282,0.503401371999,0.876424752936,0.0,8.27523409753
283,0.48979593114,0.864980774672,0.0317460322191,8.27458583363
284,0.523809535163,0.862225282354,0.476190491801,8.2739414147
285,0.476190489267,0.860983197786,0.492063506728,7.45161428527
286,0.503401374533,0.85738348231,0.492063506728,4.21237658508
287,0.435374159594,0.861355070354,0.492063506728,1.30781795203
288,0.476190484199,0.858526306087,0.492063506728,1.15914561824
289,0.489795930633,0.847428189654,0.476190490619,0.89104749759
290,0.551020419314,0.814796728544,0.476190485888,0.864374543939
291,0.523809537089,0.807292943706,0.42857143614,0.84697931248
292,0.510204094202,0.840677904434,0.428571438506,0.848568054419
293,0.557823141923,0.812277199865,0.380952387812,0.853097196609
294,0.496598649289,0.825690278391,0.412698423579,0.872405290604
295,0.585034027797,0.776925350939,0.444444453432,0.840817149669
296,0.510204091567,0.817958773399,0.523809537765,2.51460164927
297,0.530612254325,0.802945474784,0.0,8.26576579185
298,0.57142858187,0.773520605094,0.0,8.26517628867
299,0.557823143038,0.773091542072,0.0317460322191,8.26457299127
300,0.557823142024,0.794649117658,0.333333342085,8.26396596243
301,0.530612259394,0.800355420226,0.492063506728,8.26336041708
302,0.523809536075,0.806760967589,0.142857145222,8.26275885673
303,0.598639470075,0.77946019051,0.0,8.26216733266
304,0.510204092783,0.793532248662,0.0,8.26158679099
305,0.578231305492,0.772793846471,0.0,8.26104033561
306,0.510204089539,0.791677705285,0.0,8.26047194572
307,0.557823142936,0.777682132056,0.0,8.25990000604
308,0.503401373519,0.779099254787,0.206349212026,8.25932189018
309,0.510204091668,0.823595437063,0.476190489436,8.25874869407
310,0.442176880784,0.808360383624,0.476190489436,8.2581659423
311,0.489795930633,0.789320558512,0.492063506728,8.12624396218
312,0.469387767064,0.814908162672,0.492063506728,3.01157135528
313,0.51020409329,0.788910608713,0.492063506728,1.9159277687
314,0.462585044252,0.788304285533,0.492063506728,1.47067878171
315,0.510204091161,0.788200267724,0.492063506728,2.67211560219
316,0.469387765543,0.776332923344,0.492063506728,0.996912052707
317,0.510204094811,0.795313066771,0.492063506728,0.877539081233
318,0.47619048876,0.778388213949,0.492063506728,0.84042006731
319,0.503401373621,0.78402691228,0.492063506728,0.812910835894
320,0.489795929518,0.786594482506,0.460317470961,0.799362186402
321,0.489795929112,0.784823675139,0.555555565253,0.792701910413
322,0.52380953719,0.768310261827,0.0,8.25142249228
323,0.469387766658,0.779113142263,0.0,8.2508787087
324,0.510204096838,0.771363762771,0.0,8.25033629508
325,0.52380953567,0.782224155202,0.396825408888,8.24979653434
326,0.51020409258,0.767632899236,0.492063506728,8.24926005848
327,0.523809535163,0.761272759259,0.492063506728,8.24873172291
328,0.50340137058,0.762579289829,0.492063506728,2.94923906762
329,0.462585045266,0.771359384871,0.492063506728,1.05198913907
330,0.517006815798,0.762841701102,0.492063506728,0.900585009938
331,0.482993207416,0.764974093762,0.492063506728,0.833612912231
332,0.591836748379,0.746888443726,0.492063506728,0.801110303591
333,0.510204094202,0.764112230466,0.492063506728,0.780910432339
334,0.52380953719,0.763732952731,0.492063506728,0.772303854662
335,0.510204092175,0.768823359288,0.507936520472,0.76577240134
336,0.496598651823,0.754916801339,0.555555566436,0.762045831907
337,0.578231304985,0.74274529243,0.603174614764,0.759992588134
338,0.48979593114,0.760999915957,0.507936518107,0.75932852711
339,0.54421769711,0.744807071426,0.507936520472,0.757864900998
340,0.537414977036,0.756170767505,0.49206350318,0.758753216456
341,0.557823141517,0.750559811284,0.49206350318,0.759158016197
342,0.496598650809,0.754661035781,0.460317467413,0.75451184549
343,0.469387765644,0.7531141509,0.523809533034,0.755697328893
344,0.496598649694,0.749274949638,0.460317470961,0.756687405564
345,0.510204093189,0.757422064437,0.476190488253,0.756041767105
346,0.455782322758,0.755997940391,0.523809536582,0.754623646774
347,0.462585046381,0.745451042847,0.492063506728,8.23871222375
348,0.503401374533,0.751120748569,0.492063506728,8.23825989829
349,0.462585043441,0.755598706858,0.492063506728,8.23779424032
350,0.476190486226,0.753040634045,0.492063506728,8.23733006583
351,0.55782314243,0.748257312239,0.492063506728,8.23686875237
352,0.523809536075,0.75272019988,0.492063506728,1.40258625008
353,0.537414976529,0.745158002896,0.492063506728,1.04328319856
354,0.517006815392,0.74976708816,0.492063506728,0.893138951725
355,0.503401369465,0.7462647168,0.492063506728,0.828101330333
356,0.571428584911,0.733411470644,0.492063506728,0.795958398827
357,0.530612257366,0.741365307042,0.492063506728,0.774836406821
358,0.510204092783,0.748548223859,0.492063506728,0.761219683148
359,0.537414978049,0.745414329224,0.492063506728,0.751963070461
360,0.544217697516,0.739719383571,0.492063506728,0.748188051913
361,0.551020419821,0.73523649472,0.492063506728,0.745993245216
362,0.503401371999,0.739346251196,0.492063505545,0.745064689053
363,0.551020422253,0.736375470145,0.507936521655,0.769245586698
364,0.551020421341,0.730559593966,0.492063506728,0.80736010699
365,0.496598652836,0.738372990874,0.492063506728,0.740840014957
366,0.530612258785,0.734682012577,0.492063506728,0.740754639346
367,0.564625863619,0.733924103432,0.492063506728,0.738521208839
368,0.489795927592,0.734165872035,0.492063506728,0.737219380008
369,0.517006814784,0.734490325662,0.539682553874,0.736514957178
370,0.517006815392,0.739077124466,0.444444455798,0.736567878534
371,0.537414980381,0.730479057549,0.460317470725,0.736567781085
372,0.476190486631,0.737786177064,0.476190486834,0.736258356344
373,0.503401370478,0.73207177759,0.492063502944,0.735116298237
374,0.523809535974,0.731554701215,0.492063502944,0.733415175052
375,0.598639469568,0.726395187329,0.444444454615,0.73855011993
376,0.530612257366,0.728178973101,0.460317473326,5.87002233948
377,0.482993209342,0.736499179788,0.507936521655,2.05565270829
378,0.551020422253,0.727034921954,0.492063500578,0.737054983775
379,0.517006812858,0.730245353819,0.476190488017,0.73423129604
380,0.557823141517,0.726709579529,0.539682553874,0.766877165862
381,0.544217700151,0.727942342255,0.492063504363,0.764967780265
382,0.578231305188,0.721081500556,0.507936521655,0.735730549646
383,0.482993207923,0.730057441053,0.476190486834,0.737876252523
384,0.496598651823,0.727904543585,0.476190486834,0.736521143762
385,0.530612257265,0.727042745976,0.444444454615,0.735898831534
386,0.496598649795,0.733186761538,0.444444454615,0.735162882578
387,0.537414979367,0.729298662977,0.460317470725,0.73438278834
388,0.489795928707,0.731665440563,0.444444454615,0.732974424249
389,0.517006814885,0.7261110159,0.460317470725,0.733242091678
390,0.517006816507,0.729346175583,0.476190488017,0.732587472787
391,0.496598651316,0.727750598168,0.492063505309,0.729029064141
392,0.489795928606,0.729490452072,0.460317470725,0.731037050013
393,0.551020421341,0.726965330085,0.476190488017,0.72876546118
394,0.537414978455,0.724191194083,0.507936521419,0.727190776477
395,0.523809533135,0.726764893451,0.492063505309,0.727669017656
396,0.476190489875,0.729048034772,0.507936521419,0.726831648085
397,0.551020421848,0.721069288497,0.507936521419,0.725004102503
398,0.503401371999,0.724753779213,0.507936521419,0.724952298497
399,0.503401372506,0.727815460186,0.507936521419,0.724173866567
400,0.50340136987,0.723537333158,0.539682552455,0.723976597899
401,0.482993208531,0.725038835386,0.523809536345,0.724989971471
402,0.530612256251,0.723868957993,0.507936516925,0.726641234897
403,0.564625860072,0.717630518537,0.492063504126,0.72741717857
404,0.510204093797,0.723789643268,0.476190488017,0.726373179564
405,0.544217700151,0.717985594759,0.492063505309,0.725452738149
406,0.557823142024,0.719268875057,0.492063505309,0.724634911333
407,0.537414977948,0.721134242557,0.476190488017,0.723314934307
408,0.551020418908,0.718634494713,0.492063505309,0.723151487017
409,0.489795929619,0.720964157257,0.507936520236,0.722397738033
410,0.517006814784,0.72000785101,0.507936521419,0.721935983688
411,0.510204094608,0.720469846612,0.476190488017,0.722482535574
412,0.523809536683,0.719968556952,0.492063504126,0.724167971384
413,0.564625864633,0.716801851785,0.460317470725,0.724969418276
414,0.462585043846,0.725257324118,0.460317470725,0.724096055069
415,0.476190486631,0.723534512682,0.460317470725,0.722385942936
416,0.517006815494,0.718479874588,0.444444453432,0.721737534281
417,0.489795929518,0.720199178271,0.460317467177,0.722706690667
418,0.523809535568,0.718589118549,0.492063502944,0.72138230952
419,0.523809538102,0.718130807082,0.444444453432,0.721547132447
420,0.503401373621,0.718760419865,0.444444453432,0.721051885022
421,0.517006814885,0.716131064357,0.492063504126,0.718557457129
422,0.489795928606,0.719463020766,0.507936521419,0.717983683896
423,0.544217701571,0.715773889402,0.492063504126,0.718702883947
424,0.551020420327,0.714187737225,0.476190486834,0.718602434983
425,0.496598651316,0.719394847649,0.476190486834,0.719482921419
426,0.510204093695,0.718846578582,0.460317469542,0.718859674439
427,0.462585045367,0.719701466512,0.492063504126,0.718263391464
428,0.571428582376,0.713016886695,0.507936520236,0.717465965521
429,0.503401370478,0.715641282854,0.460317469542,0.717752525731
430,0.476190487746,0.717495386698,0.460317470725,0.716843133881
431,0.503401372404,0.715368126525,0.476190488017,0.716719397477
432,0.605442186805,0.708802066287,0.476190486834,0.715067321346
433,0.517006814378,0.715077413183,0.507936519053,0.713200481165
434,0.564625862808,0.709948622045,0.507936519053,0.712715313548
435,0.517006813263,0.714074314857,0.507936519053,0.712384451003
436,0.523809535061,0.713287503541,0.507936519053,0.712344332347
437,0.571428583796,0.709168447524,0.507936519053,0.712173473267
438,0.503401371391,0.713902145421,0.492063504126,0.711885902617
439,0.503401371087,0.713877144314,0.507936519053,0.711124142011
440,0.482993205287,0.715428765939,0.507936519053,0.710648190408
441,0.564625861795,0.70852445583,0.492063504126,0.710894948906
442,0.489795931038,0.715856459676,0.507936521419,0.711878435952
443,0.537414977948,0.709241125859,0.507936521419,0.711421546482
444,0.530612257873,0.71020535182,0.507936521419,0.711191783822
445,0.482993207517,0.715292876675,0.492063504126,0.710896849632
446,0.496598649694,0.711851930537,0.492063506728,1.70956042031
447,0.537414978049,0.711140890916,0.492063504126,0.71171783171
448,0.517006814885,0.709681346708,0.507936521419,0.719987236318
449,0.544217697617,0.709601098988,0.507936521419,0.714493571766
450,0.523809532426,0.710009325524,0.492063506728,0.784463065957
451,0.469387765036,0.714614329289,0.492063506728,0.754102972765
452,0.49659865091,0.711298666033,0.492063506728,0.738781266742
453,0.530612257265,0.708543102757,0.492063506728,0.728676541457
454,0.503401374634,0.711292873029,0.492063506728,0.722579532199
455,0.578231305999,0.706064830832,0.492063506728,0.719773092913
456,0.517006814987,0.711130038005,0.492063506728,0.715666677271
457,0.48979593114,0.714071820788,0.492063504363,0.712409210584
458,0.51700681225,0.708909184349,0.492063502944,0.710773585335
459,0.503401371391,0.710338942859,0.476190488017,0.709644540908
460,0.476190487341,0.710505303882,0.476190488017,0.709032392691
461,0.537414977542,0.707179239007,0.476190488017,0.708122023514
462,0.578231303161,0.704513952035,0.492063505309,0.708216296302
463,0.496598652735,0.70985226323,0.476190488017,0.708077644545
464,0.530612255744,0.706617001368,0.492063505309,0.707485528219
465,0.51700681448,0.707923254188,0.492063506728,0.739983406332
466,0.489795928099,0.712206390845,0.492063506728,0.723080966208
467,0.503401370073,0.709167374235,0.492063506728,0.71643138121
468,0.564625862606,0.704848962982,0.492063506728,0.713467614045
469,0.530612257772,0.706280497467,0.492063506728,0.712519583248
470,0.551020420733,0.704042735959,0.492063506728,0.710532455217
471,0.632653075112,0.696397066927,0.555555569984,0.710141611478
472,0.469387765543,0.712588558392,0.476190488017,0.708080897256
473,0.510204096128,0.708252678112,0.460317471907,0.709911604722
474,0.510204093797,0.707921989921,0.460317471907,0.70936345581
475,0.523809536176,0.70601067616,0.476190490382,0.708748774869
476,0.476190485314,0.707729262154,0.476190488017,0.706893673019
477,0.496598649897,0.705291818599,0.460317471907,0.706225674304
478,0.510204093695,0.705702171034,0.460317471907,0.707607374305
479,0.537414978353,0.7056301447,0.44444445698,0.709214471635
480,0.489795929214,0.707222762562,0.44444445698,0.709111213684
481,0.571428585417,0.699861492024,0.44444445698,0.709024270376
482,0.557823142024,0.700934140861,0.44444445698,0.711044722133
483,0.476190488355,0.712291254073,0.44444445698,0.710712038335
484,0.564625861795,0.702064570521,0.44444445698,0.709494508448
485,0.57823130164,0.701096235084,0.460317473326,0.710048072868
486,0.482993210457,0.707021935862,0.555555567855,0.708209629097
487,0.578231305087,0.702143810233,0.492063504363,0.708467481628
488,0.544217696603,0.701636997615,0.476190487071,0.70985189506
489,0.517006813365,0.702147329746,0.476190487071,0.707700137108
490,0.496598651823,0.707685496126,0.476190487071,0.70731870901
491,0.551020419719,0.701037366374,0.476190487071,0.710050264994
492,0.544217699138,0.701087606602,0.476190487071,0.712187333713
493,0.564625863721,0.69869916658,0.412698422633,0.724714923473
494,0.5646258622,0.693046708496,0.444444456034,0.711106188714
495,0.578231305594,0.699375350459,0.523809534453,0.710133159917
496,0.551020421747,0.699996109317,0.492063506728,8.19765055747
497,0.517006814378,0.700708459835,0.492063506728,8.19752516444
498,0.482993208429,0.705933304871,0.492063506728,6.9884908767
499,0.510204094608,0.702559411931,0.492063506728,1.73971728389
500,0.476190490889,0.706368934946,0.492063506728,1.05042143474
501,0.523809533946,0.697961597621,0.492063506728,0.915708638373
502,0.571428582782,0.695303991538,0.492063506728,0.888730783311
503,0.455782325089,0.712129687776,0.492063506728,0.785156039965
504,0.571428583289,0.691361009669,0.492063506728,0.779057789417
505,0.49659865091,0.701608940858,0.492063506728,0.78035368049
506,0.537414976326,0.696683176521,0.492063506728,0.757899847296
507,0.51700681742,0.70202013019,0.492063506728,0.726200313795
508,0.489795929619,0.70300189208,0.476190489436,0.732032373784
509,0.510204092682,0.701256748365,0.492063504126,0.718811035156
510,0.544217696603,0.696854265369,0.539682552691,0.717800943624
511,0.530612255744,0.697758208732,0.396825406286,0.72508030846
512,0.489795929112,0.708422027072,0.476190489199,0.71661297291
513,0.530612256353,0.704952525444,0.492063504126,0.712072860627
514,0.51700681225,0.703492009315,0.428571437323,0.719619143577
515,0.523809535061,0.701365509001,0.476190488253,0.711225053621
516,0.482993207923,0.70262988449,0.539682555293,0.71407142045
517,0.571428582478,0.696485638213,0.492063503417,0.707437913569
518,0.448979601974,0.708212047613,0.507936519526,0.701411470534
519,0.469387765644,0.703677895929,0.507936519526,0.700549945945
520,0.435374157972,0.702292058744,0.476190486125,0.701326993723
521,0.469387765138,0.701513335007,0.492063502234,0.700795445177
522,0.537414979468,0.701705144782,0.476190487307,0.702120301269
523,0.530612256657,0.70031910121,0.476190489672,0.702403952205
524,0.51700681377,0.700404967581,0.492063502234,0.704104795342
525,0.510204093797,0.701212988013,0.428571434248,0.703556883903
526,0.496598652431,0.701724721055,0.507936525439,0.703900705254
527,0.496598650302,0.700103947905,0.539682555293,0.701638449752
528,0.551020417185,0.699210306414,0.523809538001,0.703671833825
529,0.598639465716,0.695682639167,0.492063503417,0.70100825552
530,0.530612255136,0.696483887783,0.476190485888,0.705058551024
531,0.448979601872,0.706629850426,0.428571437559,0.706976010686
532,0.510204095216,0.700351741849,0.476190492038,0.70541425546
533,0.523809535568,0.696588790336,0.460317473563,0.709368478684
534,0.585034026783,0.692076571945,0.476190489672,0.707533412509
535,0.591836748075,0.6867163307,0.476190489672,0.70970730176
536,0.544217699036,0.694442952571,0.539682551745,0.691478886302
537,0.557823140605,0.693908701543,0.555555568801,0.705906992867
538,0.517006815494,0.696797040044,0.444444454615,0.72315852415
539,0.530612255846,0.697708339107,0.444444454615,0.719846159693
540,0.517006814784,0.69796270943,0.444444454615,0.717319206586
541,0.482993210457,0.699588715219,0.476190487071,0.710124485076
542,0.523809535974,0.698705818783,0.492063504363,0.710616957574
543,0.544217701266,0.691515567351,0.52380954013,0.701023058286
544,0.544217698529,0.696304376433,0.492063505309,0.70550790571
545,0.557823142531,0.688872493449,0.492063505545,0.709069498002
546,0.530612255846,0.696890754359,0.507936521655,0.706496801641
547,0.496598648376,0.702284207555,0.412698419085,0.724951429973
548,0.55782314101,0.690481618148,0.428571436377,0.732476513537
549,0.578231306202,0.68518493654,0.412698420031,0.732073086595
550,0.571428584302,0.687351249919,0.476190488017,0.730343233971
551,0.510204092783,0.697074655367,0.444444455798,0.738655007075
552,0.510204093087,0.699336534455,0.444444455798,0.730600407199
553,0.591836746959,0.690835366038,0.428571439688,0.733239045219
554,0.537414976934,0.692323432893,0.428571437323,0.729167909849
555,0.523809536582,0.700603635133,0.444444454615,0.724478257081
556,0.530612254325,0.69455641427,0.36507937525,0.724683206233
557,0.54421770005,0.688106373459,0.476190486834,0.730219892093
558,0.591836746351,0.685612592973,0.46031747309,0.733022756047
559,0.571428585519,0.685116562308,0.46031747309,0.739405467397
560,0.63265307349,0.681737443217,0.46031747309,0.750496012824
561,0.510204093189,0.701207995415,0.555555569984,0.738399759645
562,0.41496599643,0.719445557416,0.0,8.19293802882
563,0.52380953344,0.699815302479,0.0,8.19440735711
564,0.55782313949,0.695960688348,0.0,8.19513762565
565,0.469387764529,0.710487601708,0.0,8.19515069326
566,0.476190485618,0.704366490549,0.111111114186,8.19486842458
567,0.537414976427,0.699159864666,0.492063506728,8.19471583669
568,0.544217699645,0.695181447227,0.492063506728,6.97787106226
569,0.496598652735,0.705495133286,0.492063506728,1.09389163483
570,0.557823142024,0.697803289306,0.492063506728,0.927808643333
571,0.53061225767,0.69631183634,0.492063506728,0.817607738669
572,0.517006813872,0.702888108841,0.492063506728,0.788875588349
573,0.496598651316,0.702571363676,0.492063506728,0.738033085588
574,0.537414976833,0.70062290203,0.492063506728,0.720640808817
575,0.448979600554,0.705614560721,0.492063506728,0.718195127116
576,0.496598651823,0.699945236144,0.460317476874,0.706895005135
577,0.47619048724,0.700631157476,0.492063505782,0.706141855036
578,0.503401370985,0.698900584866,0.47619048849,0.706321216765
579,0.544217702179,0.69784519867,0.47619048849,0.708419734523
580,0.571428584302,0.697958487637,0.476190490855,0.707577268283
581,0.585034026175,0.691964733763,0.476190490619,0.734014089145
582,0.489795930227,0.69862771683,0.444444453905,0.704592957383
583,0.530612257265,0.695345768312,0.47619048849,0.754196864272
584,0.530612255744,0.699754238129,0.507936520709,0.7372099076
585,0.476190487341,0.701867855731,0.47619048849,0.734896617276
586,0.585034026885,0.692954564581,0.444444455088,0.73815975492
587,0.435374160506,0.706816414587,0.492063506728,0.823836362551
588,0.503401372506,0.701385622933,0.492063506728,0.744997245925
589,0.557823142024,0.696270718056,0.492063506728,0.827619379475
590,0.517006813365,0.69681452975,0.492063506728,0.785020910558
591,0.557823141416,0.693322800049,0.492063506728,0.755347320012
592,0.578231303059,0.692306774409,0.492063506728,0.767480907932
593,0.510204092682,0.695311268982,0.492063506728,0.751793376983
594,0.503401371897,0.696714087003,0.492063506728,0.737179240537
595,0.591836748379,0.686786025154,0.492063506728,0.74255787664
596,0.55782314243,0.689556213463,0.0,8.19192540456
597,0.517006814987,0.692871493547,0.0,8.19298352136
598,0.571428583897,0.69333238626,0.0,8.19339570545
599,0.510204096331,0.69943881562,0.0,8.19391091665
600,0.489795927997,0.70326124081,0.0,8.19432292287
601,0.530612255846,0.707585470612,0.0,8.19421231557
602,0.523809535061,0.695558539459,0.0158730161095,8.19410599603
603,0.632653073591,0.683813954697,0.3015873075,8.19406596063
604,0.530612256758,0.696691342763,0.492063506728,8.19400830496
605,0.517006815392,0.697995473738,0.492063506728,8.19396201013
606,0.544217698732,0.696035443115,0.492063506728,2.76163426562
607,0.551020419719,0.685121691957,0.492063506728,1.70069227143
608,0.523809534453,0.70073793048,0.492063506728,0.80435872551
609,0.469387768483,0.705238144414,0.492063506728,0.708471808169
610,0.482993208531,0.700952138625,0.492063506728,0.701327456368
611,0.530612257265,0.695850137951,0.492063506728,0.709680159887
612,0.578231305695,0.69091918801,0.492063506728,0.732648107741
613,0.598639470582,0.687460375886,0.492063506728,0.746812738123
614,0.612244912658,0.687669649011,0.507936519526,0.722419710386
615,0.503401369363,0.701358974385,0.55555557022,0.704872173922
616,0.57142858339,0.686886198261,0.587301605987,0.70260519357
617,0.517006816811,0.706778411152,0.555555567855,0.694804573816
618,0.537414977036,0.688795389772,0.55555556549,0.686780249316
619,0.557823142531,0.689153187534,0.539682550563,0.698842604955
620,0.510204093695,0.699350358272,0.523809538001,0.697464673292
621,0.571428584302,0.690251586389,0.555555567855,0.695590458219
622,0.571428584302,0.690753705648,0.492063506728,3.54847769605
623,0.585034026276,0.677689538521,0.269841276464,8.19254243185
624,0.578231302451,0.688927297284,0.492063506728,8.1924949752
625,0.564625860781,0.690946930931,0.492063506728,4.02990395493
626,0.530612256353,0.690172845815,0.492063506728,1.05276551985
627,0.612244910529,0.683323143291,0.492063506728,0.894077828952
628,0.523809534555,0.704512873069,0.492063506728,5.90506251464
629,0.564625861795,0.695608844157,0.492063506728,1.21009628735
630,0.605442190251,0.684458722063,0.492063506728,0.844662898117
631,0.585034025668,0.682893543827,0.492063506728,0.788784590978
632,0.598639467642,0.675893286458,0.492063506728,0.776222373758
633,0.551020419719,0.693745353189,0.650793664512,0.712248241618
634,0.591836747973,0.676842269038,0.619047632293,0.722422905385
635,0.557823141619,0.687672668168,0.444444459582,0.760274368619
636,0.551020419212,0.693867301454,0.571428585147,0.693560011803
637,0.619047633645,0.669120878589,0.619047633476,0.698381222903
638,0.578231305594,0.691646614042,0.476190489436,4.20490049181
639,0.530612256353,0.698605873552,0.492063506728,4.07245313837
640,0.598639468048,0.688790977812,0.492063506728,3.35437705545
641,0.557823142125,0.69800628002,0.492063506728,0.950641612212
642,0.605442190353,0.664695458347,0.492063506728,0.906212554091
643,0.530612258279,0.696933689572,0.492063506728,1.77473267393
644,0.503401373519,0.70570853981,0.603174617366,0.724078452303
645,0.523809539116,0.695060423848,0.571428585147,0.784136911233
646,0.537414979367,0.691111056578,0.587301600074,0.698390967316
647,0.564625861592,0.69081609022,0.571428582782,0.672107395672
648,0.564625863214,0.695638706895,0.634920650531,0.717428144008
649,0.496598651721,0.706632641302,0.507936519526,0.718611437177
650,0.551020422355,0.693856939978,0.492063506728,5.74737271808
651,0.557823141517,0.692365122085,0.492063506728,1.30405085711
652,0.517006813973,0.696807595337,0.492063506728,1.76541689464
653,0.598639466021,0.683424879094,0.492063506728,1.19386307966
654,0.52380953719,0.693999526047,0.523809539184,0.728909248397
655,0.598639468656,0.687216825226,0.587301600074,0.68808520739
656,0.53741497957,0.701954268679,0.587301595343,0.679790382347
657,0.557823142632,0.694725511431,0.571428582782,0.691814521002
658,0.55102042124,0.698234226022,0.523809538001,0.756682881287
659,0.530612257265,0.696511344034,0.507936520709,0.703356989792
660,0.523809537697,0.694388785735,0.492063505782,0.697383604352
661,0.523809534656,0.69661579124,0.603174618549,0.688180851558
662,0.571428585924,0.686468527025,0.53968254938,0.688505559687
663,0.612244911036,0.67819372002,0.492063506728,0.872914612293
664,0.544217699138,0.690971562246,0.492063506728,0.797195625684
665,0.585034028709,0.681614873766,0.492063506728,0.714221704574
666,0.557823141923,0.684560914429,0.476190488253,0.702596561303
667,0.625850352402,0.675311396317,0.603174618549,0.702442741583
668,0.523809535467,0.692493950429,0.523809536818,0.708018010571
669,0.52380953496,0.697396925923,0.507936519526,0.716690424889
670,0.571428585417,0.690375486199,0.555555572112,0.706093665153
671,0.523809533541,0.707320447276,0.190476194734,8.19167909168
672,0.530612255846,0.705053513147,0.492063506728,8.19162999259
673,0.523809535467,0.695320647995,0.0793650807842,8.19169346491
674,0.49659865233,0.705730716793,0.492063506728,6.03258623017
675,0.537414977948,0.695181674292,0.492063506728,0.87791640276
676,0.557823141923,0.684161431124,0.476190490382,0.779785086238
677,0.503401370073,0.701969970651,0.492063506728,0.793118863825
678,0.557823142125,0.688855903489,0.492063505309,0.742909759756
679,0.598639469062,0.688614453994,0.492063502944,0.745655328508
680,0.469387763921,0.702451726206,0.460317469542,0.704365827735
681,0.537414975008,0.699928456423,0.555555567855,0.693623613744
682,0.598639469264,0.684871367046,0.53968254938,0.699408314531
683,0.564625862707,0.689182471661,0.507936518344,0.697534692666
684,0.59863946967,0.686881170792,0.492063501998,0.709513447587
685,0.503401373114,0.699739639045,0.539682550326,0.69045293615
686,0.551020421848,0.690900394706,0.650793659782,0.676606887863
687,0.537414976427,0.694740679799,0.587301595343,0.688192145219
688,0.523809537089,0.701562388819,0.539682547015,0.691126318205
689,0.5646258622,0.691371425074,0.492063506728,0.698793570201
690,0.469387767165,0.703695453349,0.460317474509,0.701946037156
691,0.517006817014,0.698764418258,0.555555561942,0.691937693528
692,0.530612257366,0.695002367707,0.587301595343,0.690286516197
693,0.544217698023,0.691849451892,0.571428580417,0.688773047356
694,0.53741497957,0.690174525692,0.555555563124,0.690451424273
695,0.612244911948,0.681361523615,0.539682548197,0.692401427125
696,0.585034026276,0.686409942147,0.507936519526,0.951461147694
697,0.564625866154,0.685614297179,0.587301595343,0.689170951881
698,0.578231302552,0.694254099106,0.587301597709,0.681790501352
699,0.571428584911,0.685805728646,0.571428580417,0.685122323888
700,0.5782313061,0.692063186039,0.507936519526,0.771897631032
701,0.517006813263,0.706712306762,0.0,8.19197335319
702,0.523809537089,0.700068043608,0.0,8.19294226737
703,0.489795932255,0.70557059155,0.0,8.19325030418
704,0.503401370478,0.698500318592,0.0,8.19338499932
705,0.571428581768,0.688864970288,0.0,8.19314681538
706,0.517006815392,0.696723781475,0.0,8.19290223197
707,0.489795930227,0.699911882277,0.0,8.19290217521
708,0.605442190353,0.675561227361,0.0,8.19265900718
709,0.578231307621,0.692308874763,0.0,8.19245398612
710,0.544217699036,0.682514396655,0.0,8.19230780904
711,0.462585047394,0.711656924819,0.0,8.19231667594
712,0.537414978353,0.700179537137,0.0,8.19290767019
713,0.51020409258,0.698073726933,0.0,8.19432032676
714,0.537414979063,0.697446592811,0.0,8.19485773737
715,0.523809535061,0.70100612908,0.0,8.19471064446
716,0.523809536481,0.695675431871,0.0,8.19472592218
717,0.578231305492,0.682381751586,0.0,8.19449647268
718,0.551020420733,0.684009626204,0.0,8.19423901846
719,0.537414979367,0.683715662583,0.0,8.19404517658
720,0.551020419719,0.692372134754,0.333333341848,8.19386258201
721,0.571428583897,0.688565054313,0.492063506728,1.46337188615
722,0.537414978353,0.696308682565,0.539682552691,0.679508250857
723,0.625850350881,0.677354882769,0.587301597709,0.690673217887
724,0.57142858339,0.686940640414,0.523809534453,0.694237299382
725,0.646258515971,0.6498995622,0.587301604805,0.687247218594
726,0.544217698631,0.683519430306,0.555555564307,0.741162655846
727,0.612244910529,0.672744414433,0.555555564307,0.818804715124
728,0.530612256758,0.701183473983,0.603174611453,0.706029697543
729,0.619047635267,0.673097717519,0.619047633476,0.67137862056
730,0.585034022729,0.682104611072,0.587301597709,0.711489111185
731,0.598639466527,0.69169240825,0.523809532088,0.722345605256
732,0.659863957337,0.655139417064,0.571428580417,0.709370190662
733,0.585034027696,0.677248649857,0.523809533271,0.720591834613
734,0.585034026682,0.685311551402,0.53968254938,0.736959062398
735,0.585034026175,0.667826275436,0.603174617366,0.650337065496
736,0.442176880176,0.729211124839,0.571428583964,0.668409634204
737,0.544217698124,0.693609540154,0.57142858633,0.691550163996
738,0.64625851739,0.649830247675,0.539682551745,0.702408644888
739,0.510204089539,0.696490631623,0.539682551745,0.702747841676
740,0.605442189846,0.664516729157,0.555555566672,0.747431726683
741,0.632653076024,0.667603996741,0.523809534453,0.786112259305
742,0.598639469568,0.668449860041,0.523809533271,0.71287264805
743,0.571428583796,0.67854508048,0.603174613818,0.664058826272
744,0.564625864126,0.695872474284,0.555555567855,0.696290505311
745,0.45578232367,0.716800433438,0.555555566672,0.693990802481
746,0.578231303668,0.68114828739,0.444444456034,0.740463499039
747,0.544217698732,0.697435128446,0.539682554111,0.686130617346
748,0.598639469771,0.672393465529,0.619047629928,0.672653346781
749,0.632653074605,0.670569982253,0.666666675891,0.659053972789
750,0.571428583998,0.697009306376,0.571428579234,0.65862178566
751,0.530612255846,0.691269547355,0.603174613818,0.674085354994
752,0.578231306607,0.6742730238,0.634920644855,0.663651124826
753,0.598639469568,0.685108183193,0.571428581599,0.655172326735
754,0.591836750001,0.678268707934,0.619047634658,0.66152964556
755,0.659863956729,0.66175363299,0.619047632293,0.674638019668
756,0.591836746351,0.67843901219,0.587301601257,0.659541455526
757,0.625850349766,0.665935451482,0.587301597709,0.657824361135
758,0.557823139997,0.694241579698,0.53968254938,0.676908100881
759,0.571428586938,0.682002192857,0.555555564307,0.680323658481
760,0.530612257873,0.713556809085,0.539682547015,0.671380982513
761,0.585034025161,0.680406718838,0.587301601257,0.685302993135
762,0.605442191366,0.681270386492,0.587301599837,0.683620801994
763,0.551020422355,0.698975069182,0.603174613345,0.6853102228
764,0.605442188731,0.669748316817,0.539682553638,0.705133984013
765,0.585034027189,0.68811514183,0.507936521419,0.723900359774
766,0.530612255744,0.687951986482,0.571428583491,0.718413946174
767,0.585034026276,0.678884643681,0.539682553638,0.711775902718
768,0.659863958756,0.66743385143,0.507936521419,0.715756040717
769,0.639455795187,0.657870664888,0.523809538711,0.709031471184
770,0.557823142024,0.68602191226,0.523809538711,0.71870344688
771,0.591836747973,0.678839590274,0.523809538711,0.731208999952
772,0.544217697516,0.699189596841,0.523809538711,0.745710661487
773,0.625850353821,0.664977403725,0.507936522601,0.72089851281
774,0.60544218792,0.675083538302,0.555555567382,0.707299151118
775,0.612244909921,0.661340239502,0.507936520236,0.705774244808
776,0.571428584809,0.69376778116,0.555555569747,0.723816675799
777,0.639455794376,0.64928010694,0.523809538711,0.713990949449
778,0.605442190758,0.667603178089,0.539682555057,0.699790949859
779,0.571428580856,0.686081004386,0.555555567618,0.706516854347
780,0.598639468555,0.673137737375,0.555555567618,0.699267959784
781,0.537414977542,0.704352556037,0.523809535636,0.68493195091
782,0.646258515464,0.669120140627,0.555555569984,0.698075048507
783,0.585034027797,0.685400390706,0.46031747309,0.744825525889
784,0.625850351287,0.663107092283,0.507936520709,0.718078121306
785,0.585034026175,0.684853648653,0.428571439925,0.738558676508
786,0.591836744932,0.667096011898,0.46031747309,0.764774359408
787,0.564625863721,0.688519525285,0.444444456034,0.737238497015
788,0.51700681377,0.702122381755,0.50793652402,0.699496972182
789,0.578231302451,0.674084910325,0.476190489436,0.720641618683
790,0.489795932762,0.69561375485,0.492063506728,1.50449111916
791,0.571428582478,0.686777836611,0.492063505545,0.721081856697
792,0.55102042124,0.675694032591,0.523809538947,0.696031670249
793,0.598639469062,0.691244608691,0.571428585147,0.682212216513
794,0.523809534555,0.688044261365,0.555555563124,0.688616240308
795,0.517006816406,0.705775764524,0.555555563124,0.688143863564
796,0.530612260306,0.691659484996,0.523809538947,0.695391557519
797,0.578231303972,0.676850438118,0.539682555293,0.698383898962
798,0.503401369971,0.695759541323,0.55555557022,0.700122558881
799,0.585034025161,0.679681132845,0.55555557022,0.703432731212
800,0.598639467642,0.685359552604,0.507936521655,0.713752328403
801,0.585034028304,0.67944428345,0.492063504363,0.720421168539
802,0.639455797417,0.653137380169,0.428571439925,0.724611411965
803,0.578231304478,0.678062423557,0.492063505545,0.714006683183
804,0.578231304478,0.672755353305,0.523809539184,0.70770398965
805,0.544217700151,0.69470757692,0.523809537765,0.731206321527
806,0.60544218944,0.680696040189,0.587301598891,0.681624739889
807,0.557823142024,0.686756300683,0.603174612636,0.64925411107
808,0.625850353922,0.673370135479,0.619047632293,0.649084865574
809,0.61904763111,0.663223070352,0.603174615001,0.662915056187
810,0.571428583289,0.677975949381,0.587301597709,0.661238606014
811,0.530612253717,0.694337412614,0.603174613818,0.660786864776
812,0.510204092276,0.702815029897,0.634920646037,0.658323708508
813,0.544217698529,0.693459982369,0.619047632293,0.666601060875
814,0.598639467136,0.662684148672,0.603174615001,0.668625029307
815,0.687074842502,0.640834297858,0.61904763111,0.667664470654
816,0.632653074504,0.667721615762,0.61904763111,0.678089334851
817,0.598639465615,0.673932347573,0.650793664512,0.678625408619
818,0.68707484311,0.640683998867,0.650793664512,0.666968024912
819,0.578231305594,0.686730643924,0.603174615001,0.672285622074
820,0.612244912049,0.661536253634,0.571428582782,0.696558514285
821,0.639455796809,0.656109704047,0.587301598891,0.700774990377
822,0.578231304073,0.678498268533,0.63492064722,0.666711588701
823,0.578231301032,0.679633702956,0.650793669243,0.689634195396
824,0.646258516883,0.660809209558,0.619047632293,0.696937580903
825,0.619047630705,0.656296341192,0.603174617366,0.71151474544
826,0.646258517998,0.632741842951,0.555555569038,0.734901265493
827,0.591836749494,0.665475611379,0.571428585147,0.732481648998
828,0.653061237161,0.661237385403,0.634920649585,0.706000557968
829,0.625850354429,0.650620565528,0.619047634658,0.676872403849
830,0.578231303566,0.682556525785,0.634920648403,0.680872754918
831,0.653061239087,0.619995184902,0.555555568801,0.678304287176
832,0.612244911543,0.663082037248,0.555555573768,0.677859533401
833,0.612244911441,0.654912350332,0.555555571403,0.676808859621
834,0.632653074098,0.644457186971,0.650793669243,0.618120273427
835,0.60544219238,0.663439210986,0.619047633476,0.64772345717
836,0.612244913164,0.652966616511,0.619047634658,0.667615732503
837,0.591836750507,0.675548997663,0.57142858633,0.660080961765
838,0.564625864228,0.691068625775,0.571428582782,0.735402706124
839,0.571428586431,0.676491209844,0.507936520236,0.821123660557
840,0.537414981901,0.701857430189,0.587301601257,0.692731052637
841,0.551020420834,0.698937369447,0.603174617366,0.677424923768
842,0.544217698529,0.683588093641,0.571428582782,0.679675243677
843,0.564625862707,0.682481425555,0.603174618549,0.665702323119
844,0.6258503523,0.6512352512,0.650793664512,0.654719566542
845,0.537414979367,0.688353239274,0.492063506728,2.12602137006
846,0.557823143038,0.674489709796,0.428571439688,0.715026085339
847,0.598639468251,0.658140232774,0.507936521892,0.795115809119
848,0.551020419821,0.681687629547,0.507936521655,1.59629335763
